2024-05-26T15:14:00.380+05:30  INFO 15304 --- [main] c.h.c.CareercrafterfinalApplication      : Starting CareercrafterfinalApplication using Java 17.0.9 with PID 15304 (D:\Java STS Workspace\careercrafterfinal1\target\classes started by harsh in D:\Java STS Workspace\careercrafterfinal1)
2024-05-26T15:14:00.387+05:30  INFO 15304 --- [main] c.h.c.CareercrafterfinalApplication      : No active profile set, falling back to 1 default profile: "default"
2024-05-26T15:14:02.481+05:30  INFO 15304 --- [main] .s.d.r.c.RepositoryConfigurationDelegate : Bootstrapping Spring Data JPA repositories in DEFAULT mode.
2024-05-26T15:14:02.650+05:30  INFO 15304 --- [main] .s.d.r.c.RepositoryConfigurationDelegate : Finished Spring Data repository scanning in 158 ms. Found 8 JPA repository interfaces.
2024-05-26T15:14:03.317+05:30  INFO 15304 --- [main] o.s.b.w.embedded.tomcat.TomcatWebServer  : Tomcat initialized with port(s): 8080 (http)
2024-05-26T15:14:03.330+05:30  INFO 15304 --- [main] o.apache.catalina.core.StandardService   : Starting service [Tomcat]
2024-05-26T15:14:03.330+05:30  INFO 15304 --- [main] o.apache.catalina.core.StandardEngine    : Starting Servlet engine: [Apache Tomcat/10.1.18]
2024-05-26T15:14:03.455+05:30  INFO 15304 --- [main] o.a.c.c.C.[Tomcat].[localhost].[/]       : Initializing Spring embedded WebApplicationContext
2024-05-26T15:14:03.456+05:30  INFO 15304 --- [main] w.s.c.ServletWebServerApplicationContext : Root WebApplicationContext: initialization completed in 2974 ms
2024-05-26T15:14:03.497+05:30  INFO 15304 --- [main] o.s.aop.framework.CglibAopProxy          : Unable to proxy interface-implementing method [public final void org.springframework.web.filter.OncePerRequestFilter.doFilter(jakarta.servlet.ServletRequest,jakarta.servlet.ServletResponse,jakarta.servlet.FilterChain) throws jakarta.servlet.ServletException,java.io.IOException] because it is marked as final: Consider using interface-based JDK proxies instead!
2024-05-26T15:14:03.497+05:30  INFO 15304 --- [main] o.s.aop.framework.CglibAopProxy          : Unable to proxy interface-implementing method [public final void org.springframework.web.filter.GenericFilterBean.init(jakarta.servlet.FilterConfig) throws jakarta.servlet.ServletException] because it is marked as final: Consider using interface-based JDK proxies instead!
2024-05-26T15:14:03.722+05:30  INFO 15304 --- [main] o.hibernate.jpa.internal.util.LogHelper  : HHH000204: Processing PersistenceUnitInfo [name: default]
2024-05-26T15:14:03.802+05:30  INFO 15304 --- [main] org.hibernate.Version                    : HHH000412: Hibernate ORM core version 6.2.20.Final
2024-05-26T15:14:03.805+05:30  INFO 15304 --- [main] org.hibernate.cfg.Environment            : HHH000406: Using bytecode reflection optimizer
2024-05-26T15:14:04.077+05:30  INFO 15304 --- [main] o.s.o.j.p.SpringPersistenceUnitInfo      : No LoadTimeWeaver setup: ignoring JPA class transformer
2024-05-26T15:14:04.101+05:30  INFO 15304 --- [main] com.zaxxer.hikari.HikariDataSource       : HikariPool-1 - Starting...
2024-05-26T15:14:04.408+05:30  INFO 15304 --- [main] com.zaxxer.hikari.pool.HikariPool        : HikariPool-1 - Added connection com.mysql.cj.jdbc.ConnectionImpl@6ceb11f9
2024-05-26T15:14:04.410+05:30  INFO 15304 --- [main] com.zaxxer.hikari.HikariDataSource       : HikariPool-1 - Start completed.
2024-05-26T15:14:04.456+05:30  WARN 15304 --- [main] org.hibernate.orm.deprecation            : HHH90000025: MySQL8Dialect does not need to be specified explicitly using 'hibernate.dialect' (remove the property setting and it will be selected by default)
2024-05-26T15:14:04.457+05:30  WARN 15304 --- [main] org.hibernate.orm.deprecation            : HHH90000026: MySQL8Dialect has been deprecated; use org.hibernate.dialect.MySQLDialect instead
2024-05-26T15:14:05.692+05:30  INFO 15304 --- [main] o.h.e.t.j.p.i.JtaPlatformInitiator       : HHH000489: No JTA platform available (set 'hibernate.transaction.jta.platform' to enable JTA platform integration)
2024-05-26T15:14:05.873+05:30  INFO 15304 --- [main] j.LocalContainerEntityManagerFactoryBean : Initialized JPA EntityManagerFactory for persistence unit 'default'
2024-05-26T15:14:06.285+05:30  INFO 15304 --- [main] o.s.d.j.r.query.QueryEnhancerFactory     : Hibernate is in classpath; If applicable, HQL parser will be used.
2024-05-26T15:14:06.836+05:30  WARN 15304 --- [main] JpaBaseConfiguration$JpaWebConfiguration : spring.jpa.open-in-view is enabled by default. Therefore, database queries may be performed during view rendering. Explicitly configure spring.jpa.open-in-view to disable this warning
2024-05-26T15:14:07.110+05:30  INFO 15304 --- [main] o.s.s.web.DefaultSecurityFilterChain     : Will secure any request with [org.springframework.security.web.session.DisableEncodeUrlFilter@24a024c8, org.springframework.security.web.context.request.async.WebAsyncManagerIntegrationFilter@47f50549, org.springframework.security.web.context.SecurityContextHolderFilter@54da9644, org.springframework.security.web.header.HeaderWriterFilter@742ce3ad, org.springframework.web.filter.CorsFilter@22f756c5, org.springframework.security.web.authentication.logout.LogoutFilter@6295cc30, com.hexaware.careercrafterfinal.filter.JwtAuthFilter@409df37d, org.springframework.security.web.savedrequest.RequestCacheAwareFilter@123372f4, org.springframework.security.web.servletapi.SecurityContextHolderAwareRequestFilter@37eca4c0, org.springframework.security.web.authentication.AnonymousAuthenticationFilter@158bd27d, org.springframework.security.web.session.SessionManagementFilter@3566d527, org.springframework.security.web.access.ExceptionTranslationFilter@35f79e6d, org.springframework.security.web.access.intercept.AuthorizationFilter@122e2306]
2024-05-26T15:14:07.403+05:30  INFO 15304 --- [main] o.s.b.w.embedded.tomcat.TomcatWebServer  : Tomcat started on port(s): 8080 (http) with context path ''
2024-05-26T15:14:07.412+05:30  INFO 15304 --- [main] c.h.c.CareercrafterfinalApplication      : Started CareercrafterfinalApplication in 7.521 seconds (process running for 8.378)
2024-05-26T15:14:38.483+05:30  INFO 15304 --- [RMI TCP Connection(3)-127.0.0.1] inMXBeanRegistrar$SpringApplicationAdmin : Application shutdown requested.
2024-05-26T15:14:38.491+05:30  INFO 15304 --- [RMI TCP Connection(3)-127.0.0.1] o.apache.catalina.core.StandardService   : Stopping service [Tomcat]
2024-05-26T15:14:38.494+05:30  WARN 15304 --- [RMI TCP Connection(3)-127.0.0.1] o.a.c.loader.WebappClassLoaderBase       : The web application [ROOT] appears to have started a thread named [HikariPool-1 housekeeper] but has failed to stop it. This is very likely to create a memory leak. Stack trace of thread:
 java.base@17.0.9/jdk.internal.misc.Unsafe.park(Native Method)
 java.base@17.0.9/java.util.concurrent.locks.LockSupport.parkNanos(LockSupport.java:252)
 java.base@17.0.9/java.util.concurrent.locks.AbstractQueuedSynchronizer$ConditionObject.awaitNanos(AbstractQueuedSynchronizer.java:1672)
 java.base@17.0.9/java.util.concurrent.ScheduledThreadPoolExecutor$DelayedWorkQueue.take(ScheduledThreadPoolExecutor.java:1182)
 java.base@17.0.9/java.util.concurrent.ScheduledThreadPoolExecutor$DelayedWorkQueue.take(ScheduledThreadPoolExecutor.java:899)
 java.base@17.0.9/java.util.concurrent.ThreadPoolExecutor.getTask(ThreadPoolExecutor.java:1062)
 java.base@17.0.9/java.util.concurrent.ThreadPoolExecutor.runWorker(ThreadPoolExecutor.java:1122)
 java.base@17.0.9/java.util.concurrent.ThreadPoolExecutor$Worker.run(ThreadPoolExecutor.java:635)
 java.base@17.0.9/java.lang.Thread.run(Thread.java:840)
2024-05-26T15:14:38.499+05:30  INFO 15304 --- [RMI TCP Connection(3)-127.0.0.1] j.LocalContainerEntityManagerFactoryBean : Closing JPA EntityManagerFactory for persistence unit 'default'
2024-05-26T15:14:38.501+05:30  INFO 15304 --- [RMI TCP Connection(3)-127.0.0.1] com.zaxxer.hikari.HikariDataSource       : HikariPool-1 - Shutdown initiated...
2024-05-26T15:14:38.507+05:30  INFO 15304 --- [RMI TCP Connection(3)-127.0.0.1] com.zaxxer.hikari.HikariDataSource       : HikariPool-1 - Shutdown completed.
